<?xml version='1.0' encoding='UTF-8'?>
<testsuite hostname="Davids-MBP-4" name="com.backwards.watchlist.repository.WatchlistRepositorySpec" tests="2" errors="0" failures="0" skipped="0" time="0.667" timestamp="2018-12-03T18:40:25">
                     <properties>
[...]
</properties>
                     <testcase classname="com.backwards.watchlist.repository.WatchlistRepositorySpec" name="In-memory watchlist repository should fail to get watchlist for an unknown customer" time="0.583">
                                                 
                                               </testcase><testcase classname="com.backwards.watchlist.repository.WatchlistRepositorySpec" name="In-memory watchlist repository should get watchlist for a given customer ID" time="0.084">
                                                 
                                               </testcase>
                     <system-out><![CDATA[]]></system-out>
                     <system-err><![CDATA[]]></system-err>
                   </testsuite>